<?xml version="1.0" encoding="UTF-8"?>
<!-- Generated by org.testng.reporters.JUnitReportReporter -->
<testsuite hostname="Amit" failures="0" tests="4" name="QK1.TestCaseProject.TestCases.InvalidLoginTestCases" time="2.125" errors="0" timestamp="2021-05-31T10:24:57 IST" skipped="0">
  <testcase classname="QK1.TestCaseProject.TestCases.InvalidLoginTestCases" name="TestLoginWithInValidCrdentials" time="0.270"/>
  <system-out/>
  <testcase classname="QK1.TestCaseProject.TestCases.InvalidLoginTestCases" name="TestLoginWithInValidCrdentials" time="0.422"/>
  <system-out/>
  <testcase classname="QK1.TestCaseProject.TestCases.InvalidLoginTestCases" name="TestLoginWithInValidCrdentials" time="1.093"/>
  <system-out/>
  <testcase classname="QK1.TestCaseProject.TestCases.InvalidLoginTestCases" name="TestLoginWithInValidCrdentials" time="0.340"/>
  <system-out/>
</testsuite> <!-- QK1.TestCaseProject.TestCases.InvalidLoginTestCases -->
