<?xml version="1.0" encoding="UTF-8"?>
<!-- Generated by org.testng.reporters.JUnitReportReporter -->
<testsuite hostname="Amit" failures="0" tests="4" name="QK1.TestCaseProject.TestCases.InvalidLoginTestCases" time="1.971" errors="0" timestamp="2021-06-03T09:50:17 IST" skipped="0">
  <testcase classname="QK1.TestCaseProject.TestCases.InvalidLoginTestCases" name="TestLoginWithInValidCrdentials" time="0.191"/>
  <system-out/>
  <testcase classname="QK1.TestCaseProject.TestCases.InvalidLoginTestCases" name="TestLoginWithInValidCrdentials" time="0.454"/>
  <system-out/>
  <testcase classname="QK1.TestCaseProject.TestCases.InvalidLoginTestCases" name="TestLoginWithInValidCrdentials" time="1.093"/>
  <system-out/>
  <testcase classname="QK1.TestCaseProject.TestCases.InvalidLoginTestCases" name="TestLoginWithInValidCrdentials" time="0.233"/>
  <system-out/>
</testsuite> <!-- QK1.TestCaseProject.TestCases.InvalidLoginTestCases -->
