<?xml version="1.0" encoding="UTF-8"?>
<!-- Generated by org.testng.reporters.JUnitReportReporter -->
<testsuite hostname="Amit" failures="0" tests="1" name="QK1.TestCaseProject.TestCases.ValidLoginCredentialsTestcase" time="7.937" errors="0" timestamp="2021-05-31T10:24:57 IST" skipped="0">
  <testcase classname="QK1.TestCaseProject.TestCases.ValidLoginCredentialsTestcase" name="TestLoginWithValidCrdentials" time="7.937"/>
  <system-out/>
</testsuite> <!-- QK1.TestCaseProject.TestCases.ValidLoginCredentialsTestcase -->
